<?xml version="1.0" encoding="UTF-8"?>
<testng-results skipped="0" failed="0" ignored="0" total="2" passed="2">
  <reporter-output>
  </reporter-output>
  <suite name="Suite" duration-ms="51928" started-at="2021-07-18T16:31:23 IST" finished-at="2021-07-18T16:32:15 IST">
    <groups>
    </groups>
    <test name="Validate Udemy Login" duration-ms="15" started-at="2021-07-18T16:31:23 IST" finished-at="2021-07-18T16:31:23 IST">
    </test> <!-- Validate Udemy Login -->
    <test name="Validate SearchCources" duration-ms="15" started-at="2021-07-18T16:31:23 IST" finished-at="2021-07-18T16:31:23 IST">
    </test> <!-- Validate SearchCources -->
    <test name="Validate Test Cases" duration-ms="51928" started-at="2021-07-18T16:31:23 IST" finished-at="2021-07-18T16:32:15 IST">
      <class name="POM.TestCases">
        <test-method status="PASS" signature="login(java.lang.String,java.lang.String)[pri:0, instance:POM.TestCases@3701eaf6]" name="login" duration-ms="20734" started-at="2021-07-18T16:31:23 IST" data-provider="getdata" finished-at="2021-07-18T16:31:44 IST">
          <params>
            <param index="0">
              <value>
                <![CDATA[kskarthickprabu@gmail.com]]>
              </value>
            </param>
            <param index="1">
              <value>
                <![CDATA[$Aadvik@17]]>
              </value>
            </param>
          </params>
          <reporter-output>
          </reporter-output>
        </test-method> <!-- login -->
        <test-method status="PASS" signature="login(java.lang.String,java.lang.String)[pri:0, instance:POM.TestCases@3701eaf6]" name="login" duration-ms="31102" started-at="2021-07-18T16:31:44 IST" data-provider="getdata" finished-at="2021-07-18T16:32:15 IST">
          <params>
            <param index="0">
              <value>
                <![CDATA[indumathy.as@gmail.com]]>
              </value>
            </param>
            <param index="1">
              <value>
                <![CDATA[$Aadvik@17]]>
              </value>
            </param>
          </params>
          <reporter-output>
          </reporter-output>
        </test-method> <!-- login -->
      </class> <!-- POM.TestCases -->
    </test> <!-- Validate Test Cases -->
  </suite> <!-- Suite -->
</testng-results>
